2021-08-20 16:28:04.469  INFO 71064 --- [main] lavalink.server.Launcher                 : 

[32m       .  [31m _                  _ _       _    [32m__ _ _
[32m      /\\ [31m| | __ ___   ____ _| (_)_ __ | | __[32m\ \ \ \
[32m     ( ( )[31m| |/ _` \ \ / / _` | | | '_ \| |/ /[32m \ \ \ \
[32m      \\/ [31m| | (_| |\ V / (_| | | | | | |   < [32m  ) ) ) )
[32m       '  [31m|_|\__,_| \_/ \__,_|_|_|_| |_|_|\_\[32m / / / /
[0m    =========================================[32m/_/_/_/[0m

	Version:        2ac6bf4e0dcab9ba7493b0494316b8bee698913d-SNAPSHOT
	Build:          1232
	Build time:     20.04.2021 07:05:21 UTC
	Branch          master
	Commit:         2ac6bf4
	Commit time:    20.04.2021 07:02:46 UTC
	JVM:            16.0.1
	Lavaplayer      1.3.76

2021-08-20 16:28:04.810  INFO 71064 --- [main] lavalink.server.Launcher                 : Starting Launcher on Kalebs-MacBook-Pro.local with PID 71064 (/Users/kalebrosborough/Documents/Programming/Python/Ultex/Lavalink.jar started by kalebrosborough in /Users/kalebrosborough/Documents/Programming/Python/Ultex)
2021-08-20 16:28:04.811  INFO 71064 --- [main] lavalink.server.Launcher                 : No active profile set, falling back to default profiles: default
2021-08-20 16:28:04.870  WARN 71064 --- [background-preinit] o.s.h.c.j.Jackson2ObjectMapperBuilder    : For Jackson Kotlin classes support please add "com.fasterxml.jackson.module:jackson-module-kotlin" to the classpath
2021-08-20 16:28:06.374  WARN 71064 --- [main] io.undertow.websockets.jsr               : UT026010: Buffer pool was not set on WebSocketDeploymentInfo, the default pool will be used
2021-08-20 16:28:06.416  INFO 71064 --- [main] io.undertow.servlet                      : Initializing Spring embedded WebApplicationContext
2021-08-20 16:28:06.416  INFO 71064 --- [main] o.s.web.context.ContextLoader            : Root WebApplicationContext: initialization completed in 1530 ms
2021-08-20 16:28:06.917  WARN 71064 --- [main] l.server.config.SentryConfiguration      : Turning off sentry
2021-08-20 16:28:07.333  INFO 71064 --- [main] c.s.d.l.tools.GarbageCollectionMonitor   : GC monitoring enabled, reporting results every 2 minutes.
2021-08-20 16:28:07.600  INFO 71064 --- [main] lavalink.server.config.KoeConfiguration  : OS: Mac OS X, Arch: x86_64
2021-08-20 16:28:07.601  WARN 71064 --- [main] lavalink.server.config.KoeConfiguration  : This system and architecture appears to not support native audio sending! GC pauses may cause your bot to stutter during playback.
2021-08-20 16:28:08.046  INFO 71064 --- [main] o.s.s.concurrent.ThreadPoolTaskExecutor  : Initializing ExecutorService 'applicationTaskExecutor'
2021-08-20 16:28:08.920  INFO 71064 --- [main] org.xnio                                 : XNIO version 3.3.8.Final
2021-08-20 16:28:08.936  INFO 71064 --- [main] org.xnio.nio                             : XNIO NIO Implementation Version 3.3.8.Final
2021-08-20 16:28:09.075  INFO 71064 --- [main] o.s.b.w.e.u.UndertowServletWebServer     : Undertow started on port(s) 2333 (http) with context path ''
2021-08-20 16:28:09.080  INFO 71064 --- [main] lavalink.server.Launcher                 : Started Launcher in 5.585 seconds (JVM running for 6.884)
2021-08-20 16:28:09.082  INFO 71064 --- [main] lavalink.server.Launcher                 : You can safely ignore the big red warning about illegal reflection. See https://github.com/freyacodes/Lavalink/issues/295
2021-08-20 16:28:26.273  INFO 71064 --- [XNIO-1 task-1] io.undertow.servlet                      : Initializing Spring DispatcherServlet 'dispatcherServlet'
2021-08-20 16:28:26.274  INFO 71064 --- [XNIO-1 task-1] o.s.web.servlet.DispatcherServlet        : Initializing Servlet 'dispatcherServlet'
2021-08-20 16:28:26.281  INFO 71064 --- [XNIO-1 task-1] o.s.web.servlet.DispatcherServlet        : Completed initialization in 7 ms
2021-08-20 16:28:26.306  INFO 71064 --- [XNIO-1 task-1] l.server.io.HandshakeInterceptorImpl     : Incoming connection from /127.0.0.1:52033
2021-08-20 16:28:26.387  INFO 71064 --- [XNIO-1 task-1] lavalink.server.io.SocketServer          : Connection successfully established from /127.0.0.1:52033
2021-08-20 16:28:28.094  WARN 71064 --- [pool-2-thread-1] oshi.software.os.mac.MacOSVersionInfoEx  : Unable to parse version 10.16 to a codename.
2021-08-20 16:28:43.270  INFO 71064 --- [Thread-1] o.s.s.concurrent.ThreadPoolTaskExecutor  : Shutting down ExecutorService 'applicationTaskExecutor'
2021-08-20 16:28:43.272  INFO 71064 --- [Thread-1] c.s.d.l.tools.GarbageCollectionMonitor   : GC monitoring disabled.
2021-08-20 16:28:43.277  INFO 71064 --- [Thread-1] io.undertow.servlet                      : Destroying Spring FrameworkServlet 'dispatcherServlet'
2021-08-20 16:28:43.290 ERROR 71064 --- [XNIO-1 I/O-1] org.xnio.listener                        : XNIO001007: A channel event listener threw an exception

java.util.concurrent.RejectedExecutionException: XNIO007007: Thread is terminating
	at org.xnio.nio.WorkerThread.execute(WorkerThread.java:590) ~[xnio-nio-3.3.8.Final.jar!/:3.3.8.Final]
	at io.undertow.websockets.jsr.UndertowSession$3.handleEvent(UndertowSession.java:396) ~[undertow-websockets-jsr-2.0.26.Final.jar!/:2.0.26.Final]
	at io.undertow.websockets.jsr.UndertowSession$3.handleEvent(UndertowSession.java:388) ~[undertow-websockets-jsr-2.0.26.Final.jar!/:2.0.26.Final]
	at org.xnio.ChannelListeners.invokeChannelListener(ChannelListeners.java:92) ~[xnio-api-3.3.8.Final.jar!/:3.3.8.Final]
	at io.undertow.server.protocol.framed.AbstractFramedChannel$FrameCloseListener.handleEvent(AbstractFramedChannel.java:1063) ~[undertow-core-2.0.26.Final.jar!/:2.0.26.Final]
	at io.undertow.server.protocol.framed.AbstractFramedChannel$FrameCloseListener.handleEvent(AbstractFramedChannel.java:978) ~[undertow-core-2.0.26.Final.jar!/:2.0.26.Final]
	at org.xnio.ChannelListeners.invokeChannelListener(ChannelListeners.java:92) ~[xnio-api-3.3.8.Final.jar!/:3.3.8.Final]
	at org.xnio.conduits.WriteReadyHandler$ChannelListenerHandler.terminated(WriteReadyHandler.java:70) ~[xnio-api-3.3.8.Final.jar!/:3.3.8.Final]
	at org.xnio.nio.NioSocketConduit.writeTerminated(NioSocketConduit.java:234) ~[xnio-nio-3.3.8.Final.jar!/:3.3.8.Final]
	at org.xnio.nio.NioSocketConduit.terminateWrites(NioSocketConduit.java:223) ~[xnio-nio-3.3.8.Final.jar!/:3.3.8.Final]
	at org.xnio.nio.NioSocketConduit.truncateWrites(NioSocketConduit.java:228) ~[xnio-nio-3.3.8.Final.jar!/:3.3.8.Final]
	at io.undertow.conduits.IdleTimeoutConduit.truncateWrites(IdleTimeoutConduit.java:387) ~[undertow-core-2.0.26.Final.jar!/:2.0.26.Final]
	at org.xnio.conduits.ConduitStreamSinkChannel.close(ConduitStreamSinkChannel.java:186) ~[xnio-api-3.3.8.Final.jar!/:3.3.8.Final]
	at org.xnio.IoUtils.safeClose(IoUtils.java:134) ~[xnio-api-3.3.8.Final.jar!/:3.3.8.Final]
	at org.xnio.conduits.WriteReadyHandler$ChannelListenerHandler.forceTermination(WriteReadyHandler.java:57) ~[xnio-api-3.3.8.Final.jar!/:3.3.8.Final]
	at org.xnio.nio.NioSocketConduit.forceTermination(NioSocketConduit.java:107) ~[xnio-nio-3.3.8.Final.jar!/:3.3.8.Final]
	at org.xnio.nio.WorkerThread.run(WorkerThread.java:494) ~[xnio-nio-3.3.8.Final.jar!/:3.3.8.Final]

